<?xml version="1.0" encoding="UTF-8"?>
<testsuite xmlns:xsi="http://www.w3.org/2001/XMLSchema-instance" xsi:noNamespaceSchemaLocation="https://maven.apache.org/surefire/maven-surefire-plugin/xsd/surefire-test-report.xsd" name="org.example.AccountTest" time="0.223" tests="4" errors="0" skipped="0" failures="0">
  <properties>
    <property name="java.specification.version" value="13"/>
    <property name="sun.jnu.encoding" value="UTF-8"/>
    <property name="java.class.path" value="/Users/yuripankrushin/Desktop/PracticumProjects/Sprint8/FinalTask/Sprint_8/target/test-classes:/Users/yuripankrushin/Desktop/PracticumProjects/Sprint8/FinalTask/Sprint_8/target/classes:/Users/yuripankrushin/.m2/repository/junit/junit/4.13.2/junit-4.13.2.jar:/Users/yuripankrushin/.m2/repository/org/hamcrest/hamcrest-core/1.3/hamcrest-core-1.3.jar:/Users/yuripankrushin/.m2/repository/io/qameta/allure/allure-junit4/2.15.0/allure-junit4-2.15.0.jar:/Users/yuripankrushin/.m2/repository/io/qameta/allure/allure-java-commons/2.15.0/allure-java-commons-2.15.0.jar:/Users/yuripankrushin/.m2/repository/org/slf4j/slf4j-api/1.7.30/slf4j-api-1.7.30.jar:/Users/yuripankrushin/.m2/repository/io/qameta/allure/allure-model/2.15.0/allure-model-2.15.0.jar:"/>
    <property name="java.vm.vendor" value="Oracle Corporation"/>
    <property name="sun.arch.data.model" value="64"/>
    <property name="java.vendor.url" value="https://openjdk.java.net/"/>
    <property name="property" value=""/>
    <property name="os.name" value="Mac OS X"/>
    <property name="java.vm.specification.version" value="13"/>
    <property name="sun.java.launcher" value="SUN_STANDARD"/>
    <property name="user.country" value="US"/>
    <property name="sun.boot.library.path" value="/usr/local/Cellar/openjdk/13.0.2+8_2/libexec/openjdk.jdk/Contents/Home/lib"/>
    <property name="sun.java.command" value="/Users/yuripankrushin/Desktop/PracticumProjects/Sprint8/FinalTask/Sprint_8/target/surefire/surefirebooter9836436888156051502.jar /Users/yuripankrushin/Desktop/PracticumProjects/Sprint8/FinalTask/Sprint_8/target/surefire 2023-02-19T07-31-11_645-jvmRun1 surefire1693256499641057362tmp surefire_05575188365858152244tmp"/>
    <property name="http.nonProxyHosts" value="local|*.local|169.254/16|*.169.254/16"/>
    <property name="jdk.debug" value="release"/>
    <property name="surefire.test.class.path" value="/Users/yuripankrushin/Desktop/PracticumProjects/Sprint8/FinalTask/Sprint_8/target/test-classes:/Users/yuripankrushin/Desktop/PracticumProjects/Sprint8/FinalTask/Sprint_8/target/classes:/Users/yuripankrushin/.m2/repository/junit/junit/4.13.2/junit-4.13.2.jar:/Users/yuripankrushin/.m2/repository/org/hamcrest/hamcrest-core/1.3/hamcrest-core-1.3.jar:/Users/yuripankrushin/.m2/repository/io/qameta/allure/allure-junit4/2.15.0/allure-junit4-2.15.0.jar:/Users/yuripankrushin/.m2/repository/io/qameta/allure/allure-java-commons/2.15.0/allure-java-commons-2.15.0.jar:/Users/yuripankrushin/.m2/repository/org/slf4j/slf4j-api/1.7.30/slf4j-api-1.7.30.jar:/Users/yuripankrushin/.m2/repository/io/qameta/allure/allure-model/2.15.0/allure-model-2.15.0.jar:"/>
    <property name="sun.cpu.endian" value="little"/>
    <property name="user.home" value="/Users/yuripankrushin"/>
    <property name="user.language" value="en"/>
    <property name="java.specification.vendor" value="Oracle Corporation"/>
    <property name="java.version.date" value="2020-01-14"/>
    <property name="java.home" value="/usr/local/Cellar/openjdk/13.0.2+8_2/libexec/openjdk.jdk/Contents/Home"/>
    <property name="file.separator" value="/"/>
    <property name="basedir" value="/Users/yuripankrushin/Desktop/PracticumProjects/Sprint8/FinalTask/Sprint_8"/>
    <property name="java.vm.compressedOopsMode" value="Zero based"/>
    <property name="line.separator" value="&#10;"/>
    <property name="java.specification.name" value="Java Platform API Specification"/>
    <property name="java.vm.specification.vendor" value="Oracle Corporation"/>
    <property name="surefire.real.class.path" value="/Users/yuripankrushin/Desktop/PracticumProjects/Sprint8/FinalTask/Sprint_8/target/surefire/surefirebooter9836436888156051502.jar"/>
    <property name="sun.management.compiler" value="HotSpot 64-Bit Tiered Compilers"/>
    <property name="ftp.nonProxyHosts" value="local|*.local|169.254/16|*.169.254/16"/>
    <property name="java.runtime.version" value="13.0.2+8"/>
    <property name="user.name" value="yuripankrushin"/>
    <property name="path.separator" value=":"/>
    <property name="os.version" value="10.16"/>
    <property name="java.runtime.name" value="OpenJDK Runtime Environment"/>
    <property name="file.encoding" value="UTF-8"/>
    <property name="java.vm.name" value="OpenJDK 64-Bit Server VM"/>
    <property name="localRepository" value="/Users/yuripankrushin/.m2/repository"/>
    <property name="java.vendor.url.bug" value="https://bugreport.java.com/bugreport/"/>
    <property name="java.io.tmpdir" value="/var/folders/w5/vw2n5zpx41b3c7zw3vjpscbc0000gn/T/"/>
    <property name="java.version" value="13.0.2"/>
    <property name="user.dir" value="/Users/yuripankrushin/Desktop/PracticumProjects/Sprint8/FinalTask/Sprint_8"/>
    <property name="os.arch" value="x86_64"/>
    <property name="java.vm.specification.name" value="Java Virtual Machine Specification"/>
    <property name="java.library.path" value="/Users/yuripankrushin/Library/Java/Extensions:/Library/Java/Extensions:/Network/Library/Java/Extensions:/System/Library/Java/Extensions:/usr/lib/java:."/>
    <property name="java.vm.info" value="mixed mode, sharing"/>
    <property name="java.vendor" value="N/A"/>
    <property name="java.vm.version" value="13.0.2+8"/>
    <property name="sun.io.unicode.encoding" value="UnicodeBig"/>
    <property name="socksNonProxyHosts" value="local|*.local|169.254/16|*.169.254/16"/>
    <property name="java.class.version" value="57.0"/>
  </properties>
  <testcase name="checkThatNameLessThan3SymbolsReturnsFalse" classname="org.example.AccountTest" time="0.048"/>
  <testcase name="checkThatNameWithMoreThanOneSpaceInsideReturnsFalse" classname="org.example.AccountTest" time="0.002"/>
  <testcase name="checkThatNameMoreThan19SymbolsReturnsFalse" classname="org.example.AccountTest" time="0.001"/>
  <testcase name="checkThatCorrectNameReturnsTrue" classname="org.example.AccountTest" time="0.001"/>
</testsuite>